<?xml version="1.0" encoding="UTF-8"?>
<testng-results skipped="0" failed="0" ignored="0" total="1" passed="1">
  <reporter-output>
  </reporter-output>
  <suite name="Default suite" duration-ms="2492" started-at="2018-11-30T17:55:11Z" finished-at="2018-11-30T17:55:14Z">
    <groups>
    </groups>
    <test name="Default test" duration-ms="2492" started-at="2018-11-30T17:55:11Z" finished-at="2018-11-30T17:55:14Z">
      <class name="com.qa.tests.GetAPITest">
        <test-method status="PASS" signature="setUp()[pri:0, instance:com.qa.tests.GetAPITest@26be92ad]" name="setUp" is-config="true" duration-ms="1622" started-at="2018-11-30T09:55:11Z" finished-at="2018-11-30T09:55:13Z">
          <reporter-output>
          </reporter-output>
        </test-method> <!-- setUp -->
        <test-method status="PASS" signature="getTest()[pri:0, instance:com.qa.tests.GetAPITest@26be92ad]" name="getTest" duration-ms="837" started-at="2018-11-30T09:55:13Z" finished-at="2018-11-30T09:55:14Z">
          <reporter-output>
          </reporter-output>
        </test-method> <!-- getTest -->
      </class> <!-- com.qa.tests.GetAPITest -->
    </test> <!-- Default test -->
  </suite> <!-- Default suite -->
</testng-results>
